


ARM Macro Assembler    Page 1 


    1 00000000         ; lcd.s
    2 00000000         ; Desenvolvido para a placa EK-TM4C1294XL
    3 00000000         ; Template by Prof. Guilherme Peron - 24/08/2020
    4 00000000         
    5 00000000         ; ------------------------------------------------------
                       -------------------------
    6 00000000                 THUMB                        ; Instruções do tip
                                                            o Thumb-2
    7 00000000         ; ------------------------------------------------------
                       -------------------------
    8 00000000         
    9 00000000         ; Declarações EQU - Defines
   10 00000000         ;<NOME>         EQU <VALOR>
   11 00000000         ; ========================
   12 00000000         ; ------------------------------------------------------
                       -------------------------
   13 00000000         ; Área de Dados - Declarações de variáveis
   14 00000000                 AREA             DATA, ALIGN=2
   15 00000000         ; Se alguma variável for chamada em outro arquivo
   16 00000000         ;EXPORT  <var> [DATA,SIZE=<tam>]   ; Permite chamar a va
                       riável <var> a 
   17 00000000         ; partir de outro arquivo
   18 00000000         ;<var> SPACE <tam>                        ; Declara uma 
                       variável de nome <var>
   19 00000000         ; de <tam> bytes a partir da primeira 
   20 00000000         ; posição da RAM  
   21 00000000         
   22 00000000         ; ------------------------------------------------------
                       -------------------------
   23 00000000         ; Área de Código - Tudo abaixo da diretiva a seguir será
                        armazenado na memória de 
   24 00000000         ;                  código
   25 00000000                 AREA             |.text|, CODE, READONLY, ALIGN=
2
   26 00000000         
   27 00000000         ; Se alguma função do arquivo for chamada em outro arqui
                       vo
   28 00000000         ; EXPORT <func>    ; Permite chamar a função a partir de
                        outro arquivo
   29 00000000                 EXPORT           LCD_Init
   30 00000000                 EXPORT           LCD_Line2
   31 00000000                 EXPORT           LCD_PrintString
   32 00000000                 EXPORT           LCD_Reset
   33 00000000                 EXPORT           print_tabuada
   34 00000000                 EXPORT           print_numero
   35 00000000         
   36 00000000         ; Se chamar alguma função externa 
   37 00000000         ;IMPORT <func>              ; Permite chamar dentro dest
                       e arquivo uma função de outro
   38 00000000                 IMPORT           PortM_Output ; Permite chamar P
                                                            ortM_Output de outr
                                                            o arquivo
   39 00000000                 IMPORT           PortK_Output ; Permite chamar P
                                                            ortK_Output de outr
                                                            o arquivo
   40 00000000                 IMPORT           SysTick_Wait1ms ; Permite chama
                                                            r SysTick_Wait1ms d
                                                            e outro arquivo
   41 00000000         ; ------------------------------------------------------



ARM Macro Assembler    Page 2 


                       -------------------------
   42 00000000         ; Função LCD_Init
   43 00000000         ; Inicializa o LCD
   44 00000000         ; Parâmetro de entrada: Não tem
   45 00000000         ; Parâmetro de saída: Não tem
   46 00000000         LCD_Init
   47 00000000 B500            PUSH             {LR}
   48 00000002         
   49 00000002 F04F 0338       MOV              R3, #0x38   ; Inicializar no mo
                                                            do 2 linhas/caracte
                                                            r matriz 5x7
   50 00000006 F000 F80F       BL               LCD_Instruction
   51 0000000A         
   52 0000000A F04F 0306       MOV              R3, #0x06   ; Cursor com autoin
                                                            cremento para direi
                                                            ta
   53 0000000E F000 F80B       BL               LCD_Instruction
   54 00000012         
   55 00000012 F04F 030E       MOV              R3, #0x0E   ; Configurar o curs
                                                            or (habilitar o dis
                                                            play + cursor + não
                                                            -pisca)
   56 00000016 F000 F807       BL               LCD_Instruction
   57 0000001A         
   58 0000001A F04F 0301       MOV              R3, #0x01   ; Resetar: Limpar o
                                                             display e levar o 
                                                            cursor para o home
   59 0000001E F000 F803       BL               LCD_Instruction
   60 00000022         
   61 00000022 F85D EB04       POP              {LR}
   62 00000026 4770            BX               LR
   63 00000028         
   64 00000028         ; Função LCD_Instruction
   65 00000028         ; Recebe uma instrução e a executa
   66 00000028         ; Parâmetro de entrada: R3
   67 00000028         ; Parâmetro de saída: Não tem
   68 00000028         LCD_Instruction
   69 00000028 B500            PUSH             {LR}
   70 0000002A         
   71 0000002A F04F 0004       MOV              R0, #2_00000100 ; Ativa o modo 
                                                            de instrução (EN=1,
                                                             RW=0, RS=0)
   72 0000002E F7FF FFFE       BL               PortM_Output
   73 00000032         
   74 00000032 4618            MOV              R0, R3      ; Escreve no barram
                                                            ento de dados
   75 00000034 F7FF FFFE       BL               PortK_Output
   76 00000038         
   77 00000038 F04F 000A       MOV              R0, #10     ; Delay de 10ms par
                                                            a executar (bem mai
                                                            s do que os 40us ou
                                                             1,64ms necessários
                                                            )
   78 0000003C F7FF FFFE       BL               SysTick_Wait1ms
   79 00000040         
   80 00000040 F04F 0000       MOV              R0, #2_00000000 ; Desativa o mo
                                                            do de instrução (EN
                                                            =0, RW=0, RS=0)
   81 00000044 F7FF FFFE       BL               PortM_Output



ARM Macro Assembler    Page 3 


   82 00000048         
   83 00000048 F85D EB04       POP              {LR}
   84 0000004C 4770            BX               LR
   85 0000004E         
   86 0000004E         ; Função LCD_Data
   87 0000004E         ; Recebe um dado e o escreve
   88 0000004E         ; Parâmetro de entrada: R3
   89 0000004E         ; Parâmetro de saída: Não tem
   90 0000004E         LCD_Data
   91 0000004E B501            PUSH             {LR, R0}
   92 00000050         
   93 00000050 F04F 0005       MOV              R0, #2_00000101 ; Ativa o modo 
                                                            de dados (EN=1, RW=
                                                            0, RS=1)
   94 00000054 F7FF FFFE       BL               PortM_Output
   95 00000058         
   96 00000058 4618            MOV              R0, R3      ; Escreve no barram
                                                            ento de dados
   97 0000005A F7FF FFFE       BL               PortK_Output
   98 0000005E         
   99 0000005E F04F 000A       MOV              R0, #10     ; Delay de 10ms par
                                                            a executar (bem mai
                                                            s do que os 40us ou
                                                             1,64ms necessários
                                                            )
  100 00000062 F7FF FFFE       BL               SysTick_Wait1ms
  101 00000066         
  102 00000066 F04F 0000       MOV              R0, #2_00000000 ; Desativa o mo
                                                            do de dados (EN=0, 
                                                            RW=0, RS=0)
  103 0000006A F7FF FFFE       BL               PortM_Output
  104 0000006E         
  105 0000006E E8BD 4001       POP              {LR, R0}
  106 00000072 4770            BX               LR
  107 00000074         
  108 00000074         ; Função LCD_Line2
  109 00000074         ; Prepara a escrita na segunda linha do LCD
  110 00000074         ; Parâmetro de entrada: Não tem
  111 00000074         ; Parâmetro de saída: Não tem
  112 00000074         LCD_Line2
  113 00000074 B509            PUSH             {LR, R0, R3}
  114 00000076         
  115 00000076 F04F 03C0       MOV              R3, #0xC0   ; Endereço da prime
                                                            ira posição - Segun
                                                            da Linha
  116 0000007A F7FF FFD5       BL               LCD_Instruction
  117 0000007E         
  118 0000007E F04F 000A       MOV              R0, #10     ; Delay de 10ms par
                                                            a executar (bem mai
                                                            s do que os 40us ou
                                                             1,64ms necessários
                                                            )
  119 00000082 F7FF FFFE       BL               SysTick_Wait1ms
  120 00000086         
  121 00000086 E8BD 4009       POP              {LR, R0, R3}
  122 0000008A 4770            BX               LR
  123 0000008C         
  124 0000008C         ; Funções LCD_PrintString, LCD_PrintChar e LCD_EndOfStri
                       ng



ARM Macro Assembler    Page 4 


  125 0000008C         ; Imprimem uma string no LCD através de um loop
  126 0000008C         ; Parâmetro de entrada: R4 -> A string a ser escrita
  127 0000008C         ; Parâmetro de saída: Não tem
  128 0000008C         LCD_PrintString
  129 0000008C B519            PUSH             {LR, R0, R3, R4}
  130 0000008E         LCD_PrintChar
  131 0000008E F814 3B01       LDRB             R3, [R4], #1 ; Lê um caractere 
                                                            da string e desloca
                                                             para o próximo
  132 00000092         
  133 00000092 2B00            CMP              R3, #0      ; Verifica se chego
                                                            u no final da strin
                                                            g
  134 00000094 D002            BEQ              LCD_EndOfString
  135 00000096         
  136 00000096 F7FF FFDA       BL               LCD_Data    ; Escreve o caracte
                                                            re
  137 0000009A         
  138 0000009A E7F8            B                LCD_PrintChar ; Continua iteran
                                                            do sobre a string a
                                                            té chegar no fim
  139 0000009C         LCD_EndOfString
  140 0000009C F04F 000A       MOV              R0, #10     ; Delay de 10ms par
                                                            a executar (bem mai
                                                            s do que os 40us ou
                                                             1,64ms necessários
                                                            )
  141 000000A0 F7FF FFFE       BL               SysTick_Wait1ms
  142 000000A4         
  143 000000A4 E8BD 4019       POP              {LR, R0, R3, R4} ; A string foi
                                                             escrita. Retorna
  144 000000A8 4770            BX               LR
  145 000000AA         
  146 000000AA         ; Função LCD_Reset
  147 000000AA         ; Limpa o display e leva o cursor para o home
  148 000000AA         ; Parâmetro de entrada: Não tem
  149 000000AA         ; Parâmetro de saída: Não tem
  150 000000AA         LCD_Reset
  151 000000AA B500            PUSH             {LR}
  152 000000AC         
  153 000000AC F04F 0301       MOV              R3, #0x01   ; Resetar: Limpar o
                                                             display e levar o 
                                                            cursor para o home
  154 000000B0 F7FF FFBA       BL               LCD_Instruction
  155 000000B4         
  156 000000B4 F04F 000A       MOV              R0, #10     ; Delay de 10ms par
                                                            a executar (bem mai
                                                            s do que os 40us ou
                                                             1,64ms necessários
                                                            )
  157 000000B8 F7FF FFFE       BL               SysTick_Wait1ms
  158 000000BC         
  159 000000BC F85D EB04       POP              {LR}
  160 000000C0 4770            BX               LR
  161 000000C2         
  162 000000C2         
  163 000000C2         ;Input: R0 = N, R1 = M
  164 000000C2         ;Output: -
  165 000000C2         print_tabuada



ARM Macro Assembler    Page 5 


  166 000000C2 B504            PUSH             {LR, R2}
  167 000000C4 FB00 F201       MUL              R2, R0, R1
  168 000000C8         
  169 000000C8 4C27            LDR              R4, =TABUADA
  170 000000CA F7FF FFFE       BL               LCD_PrintString
  171 000000CE         
  172 000000CE F7FF FFFE       BL               print_numero
  173 000000D2 F7FF FFFE       BL               LCD_Line2
  174 000000D6         
  175 000000D6 F7FF FFFE       BL               print_numero
  176 000000DA         
  177 000000DA 4C24            LDR              R4,=X
  178 000000DC F7FF FFFE       BL               LCD_PrintString
  179 000000E0         
  180 000000E0 4608            MOV              R0, R1
  181 000000E2 F7FF FFFE       BL               print_numero
  182 000000E6         
  183 000000E6 4C22            LDR              R4,=EQUAL
  184 000000E8 F7FF FFFE       BL               LCD_PrintString
  185 000000EC         
  186 000000EC 4610            MOV              R0, R2
  187 000000EE F7FF FFFE       BL               print_numero
  188 000000F2         
  189 000000F2 E8BD 4004       POP{LR,          R2}
  190 000000F6 4770            BX               LR
  191 000000F8         
  192 000000F8         ;Input: R0
  193 000000F8         ;Output: -
  194 000000F8         print_numero
  195 000000F8 B511            PUSH             {LR, R0, R4}
  196 000000FA 4C1E            LDR              R4,=DIGIT_9_STR
  197 000000FC 2800            CMP              R0, #0
  198 000000FE BF08 4C1D       LDREQ            R4, =DIGIT_0_STR
  199 00000102         
  200 00000102 2801            CMP              R0, #1
  201 00000104 BF08 4C1D       LDREQ            R4, =DIGIT_1_STR
  202 00000108         
  203 00000108 2802            CMP              R0, #2
  204 0000010A BF08 4C1C       LDREQ            R4, =DIGIT_2_STR
  205 0000010E         
  206 0000010E 2803            CMP              R0, #3
  207 00000110 BF08 4C1C       LDREQ            R4, =DIGIT_3_STR
  208 00000114         
  209 00000114 2804            CMP              R0, #4
  210 00000116 BF08 4C1B       LDREQ            R4, =DIGIT_4_STR
  211 0000011A         
  212 0000011A 2805            CMP              R0, #5
  213 0000011C BF08 4C1B       LDREQ            R4, =DIGIT_5_STR
  214 00000120         
  215 00000120 2806            CMP              R0, #6
  216 00000122 BF08 4C1A       LDREQ            R4, =DIGIT_6_STR
  217 00000126         
  218 00000126 2807            CMP              R0, #7
  219 00000128 BF08 4C1A       LDREQ            R4, =DIGIT_7_STR
  220 0000012C         
  221 0000012C 2808            CMP              R0, #8
  222 0000012E BF08 4C19       LDREQ            R4, =DIGIT_8_STR
  223 00000132         
  224 00000132 2809            CMP              R0, #9



ARM Macro Assembler    Page 6 


  225 00000134 BF08 4C0F       LDREQ            R4, =DIGIT_9_STR
  226 00000138         
  227 00000138 F7FF FFFE       BL               LCD_PrintString
  228 0000013C         
  229 0000013C E8BD 4011       POP              {LR, R0, R4}
  230 00000140         
  231 00000140         
  232 00000140         
  233 00000140 4770            BX               LR
  234 00000142         
  235 00000142         ; Definição dos textos do LCD
  236 00000142 30 00   DIGIT_0_STR
                               DCB              "0", 0
  237 00000144 31 00   DIGIT_1_STR
                               DCB              "1", 0
  238 00000146 32 00   DIGIT_2_STR
                               DCB              "2", 0
  239 00000148 33 00   DIGIT_3_STR
                               DCB              "3", 0
  240 0000014A 34 00   DIGIT_4_STR
                               DCB              "4", 0
  241 0000014C 35 00   DIGIT_5_STR
                               DCB              "5", 0
  242 0000014E 36 00   DIGIT_6_STR
                               DCB              "6", 0
  243 00000150 37 00   DIGIT_7_STR
                               DCB              "7", 0
  244 00000152 38 00   DIGIT_8_STR
                               DCB              "8", 0
  245 00000154 39 00   DIGIT_9_STR
                               DCB              "9", 0
  246 00000156 54 61 62 
              75 61 64 
              61 20 64 
              6F 20 00 TABUADA DCB              "Tabuada do ",  0
  247 00000162 78 00   X       DCB              "x",0
  248 00000164 3D 00   EQUAL   DCB              "=",0
  249 00000166         ; ------------------------------------------------------
                       --------------------------------------------------------
                       -----------
  250 00000166         ; Fim do Arquivo
  251 00000166         ; ------------------------------------------------------
                       --------------------------------------------------------
                       ----------- 
  252 00000166 00 00           ALIGN                        ;Garante que o fim 
                                                            da seção está alinh
                                                            ada 
  253 00000168                 END                          ;Fim do arquivo
              00000000 
              00000000 
              00000000 
              00000000 
              00000000 
              00000000 
              00000000 
              00000000 
              00000000 
              00000000 
              00000000 



ARM Macro Assembler    Page 7 


              00000000 
              00000000 
              00000000 
Command Line: --debug --xref --diag_suppress=9931 --cpu=Cortex-M4.fp.sp --apcs=
interwork --depend=.\objects\lcd.d -o.\objects\lcd.o -IC:\Users\victo\AppData\L
ocal\Arm\Packs\Keil\TM4C_DFP\1.1.0\Device\Include\TM4C129 --predefine="__EVAL S
ETA 1" --predefine="__UVISION_VERSION SETA 536" --predefine="TM4C1294NCPDT SETA
 1" --list=.\listings\lcd.lst lcd.s



ARM Macro Assembler    Page 1 Alphabetic symbol ordering
Relocatable symbols

DATA 00000000

Symbol: DATA
   Definitions
      At line 14 in file lcd.s
   Uses
      None
Comment: DATA unused
1 symbol



ARM Macro Assembler    Page 1 Alphabetic symbol ordering
Relocatable symbols

.text 00000000

Symbol: .text
   Definitions
      At line 25 in file lcd.s
   Uses
      None
Comment: .text unused
DIGIT_0_STR 00000142

Symbol: DIGIT_0_STR
   Definitions
      At line 236 in file lcd.s
   Uses
      At line 198 in file lcd.s
Comment: DIGIT_0_STR used once
DIGIT_1_STR 00000144

Symbol: DIGIT_1_STR
   Definitions
      At line 237 in file lcd.s
   Uses
      At line 201 in file lcd.s
Comment: DIGIT_1_STR used once
DIGIT_2_STR 00000146

Symbol: DIGIT_2_STR
   Definitions
      At line 238 in file lcd.s
   Uses
      At line 204 in file lcd.s
Comment: DIGIT_2_STR used once
DIGIT_3_STR 00000148

Symbol: DIGIT_3_STR
   Definitions
      At line 239 in file lcd.s
   Uses
      At line 207 in file lcd.s
Comment: DIGIT_3_STR used once
DIGIT_4_STR 0000014A

Symbol: DIGIT_4_STR
   Definitions
      At line 240 in file lcd.s
   Uses
      At line 210 in file lcd.s
Comment: DIGIT_4_STR used once
DIGIT_5_STR 0000014C

Symbol: DIGIT_5_STR
   Definitions
      At line 241 in file lcd.s
   Uses
      At line 213 in file lcd.s
Comment: DIGIT_5_STR used once
DIGIT_6_STR 0000014E

Symbol: DIGIT_6_STR



ARM Macro Assembler    Page 2 Alphabetic symbol ordering
Relocatable symbols

   Definitions
      At line 242 in file lcd.s
   Uses
      At line 216 in file lcd.s
Comment: DIGIT_6_STR used once
DIGIT_7_STR 00000150

Symbol: DIGIT_7_STR
   Definitions
      At line 243 in file lcd.s
   Uses
      At line 219 in file lcd.s
Comment: DIGIT_7_STR used once
DIGIT_8_STR 00000152

Symbol: DIGIT_8_STR
   Definitions
      At line 244 in file lcd.s
   Uses
      At line 222 in file lcd.s
Comment: DIGIT_8_STR used once
DIGIT_9_STR 00000154

Symbol: DIGIT_9_STR
   Definitions
      At line 245 in file lcd.s
   Uses
      At line 196 in file lcd.s
      At line 225 in file lcd.s

EQUAL 00000164

Symbol: EQUAL
   Definitions
      At line 248 in file lcd.s
   Uses
      At line 183 in file lcd.s
Comment: EQUAL used once
LCD_Data 0000004E

Symbol: LCD_Data
   Definitions
      At line 90 in file lcd.s
   Uses
      At line 136 in file lcd.s
Comment: LCD_Data used once
LCD_EndOfString 0000009C

Symbol: LCD_EndOfString
   Definitions
      At line 139 in file lcd.s
   Uses
      At line 134 in file lcd.s
Comment: LCD_EndOfString used once
LCD_Init 00000000

Symbol: LCD_Init
   Definitions
      At line 46 in file lcd.s



ARM Macro Assembler    Page 3 Alphabetic symbol ordering
Relocatable symbols

   Uses
      At line 29 in file lcd.s
Comment: LCD_Init used once
LCD_Instruction 00000028

Symbol: LCD_Instruction
   Definitions
      At line 68 in file lcd.s
   Uses
      At line 50 in file lcd.s
      At line 53 in file lcd.s
      At line 56 in file lcd.s
      At line 59 in file lcd.s
      At line 116 in file lcd.s
      At line 154 in file lcd.s

LCD_Line2 00000074

Symbol: LCD_Line2
   Definitions
      At line 112 in file lcd.s
   Uses
      At line 30 in file lcd.s
      At line 173 in file lcd.s

LCD_PrintChar 0000008E

Symbol: LCD_PrintChar
   Definitions
      At line 130 in file lcd.s
   Uses
      At line 138 in file lcd.s
Comment: LCD_PrintChar used once
LCD_PrintString 0000008C

Symbol: LCD_PrintString
   Definitions
      At line 128 in file lcd.s
   Uses
      At line 31 in file lcd.s
      At line 170 in file lcd.s
      At line 178 in file lcd.s
      At line 184 in file lcd.s
      At line 227 in file lcd.s

LCD_Reset 000000AA

Symbol: LCD_Reset
   Definitions
      At line 150 in file lcd.s
   Uses
      At line 32 in file lcd.s
Comment: LCD_Reset used once
TABUADA 00000156

Symbol: TABUADA
   Definitions
      At line 246 in file lcd.s
   Uses



ARM Macro Assembler    Page 4 Alphabetic symbol ordering
Relocatable symbols

      At line 169 in file lcd.s
Comment: TABUADA used once
X 00000162

Symbol: X
   Definitions
      At line 247 in file lcd.s
   Uses
      At line 177 in file lcd.s
Comment: X used once
print_numero 000000F8

Symbol: print_numero
   Definitions
      At line 194 in file lcd.s
   Uses
      At line 34 in file lcd.s
      At line 172 in file lcd.s
      At line 175 in file lcd.s
      At line 181 in file lcd.s
      At line 187 in file lcd.s

print_tabuada 000000C2

Symbol: print_tabuada
   Definitions
      At line 165 in file lcd.s
   Uses
      At line 33 in file lcd.s
Comment: print_tabuada used once
24 symbols



ARM Macro Assembler    Page 1 Alphabetic symbol ordering
External symbols

PortK_Output 00000000

Symbol: PortK_Output
   Definitions
      At line 39 in file lcd.s
   Uses
      At line 75 in file lcd.s
      At line 97 in file lcd.s

PortM_Output 00000000

Symbol: PortM_Output
   Definitions
      At line 38 in file lcd.s
   Uses
      At line 72 in file lcd.s
      At line 81 in file lcd.s
      At line 94 in file lcd.s
      At line 103 in file lcd.s

SysTick_Wait1ms 00000000

Symbol: SysTick_Wait1ms
   Definitions
      At line 40 in file lcd.s
   Uses
      At line 78 in file lcd.s
      At line 100 in file lcd.s
      At line 119 in file lcd.s
      At line 141 in file lcd.s
      At line 157 in file lcd.s

3 symbols
364 symbols in table
